# JRE version: Java(TM) SE Runtime Environment (8.0_202-b08) (build 1.8.0_202-b08)
# Java VM: Java HotSpot(TM) 64-Bit Server VM (25.202-b08 mixed mode windows-amd64 compressed oops)
Heap:
 PSYoungGen      total 328192K, used 191850K [0x0000000780d80000, 0x0000000797700000, 0x00000007c0000000)
  eden space 297472K, 54% used [0x0000000780d80000,0x000000078abd0298,0x0000000793000000)
  from space 30720K, 96% used [0x0000000795900000,0x000000079760a6e8,0x0000000797700000)
  to   space 36352K, 0% used [0x0000000793000000,0x0000000793000000,0x0000000795380000)
 ParOldGen       total 103424K, used 51131K [0x0000000702800000, 0x0000000708d00000, 0x0000000780d80000)
  object space 103424K, 49% used [0x0000000702800000,0x00000007059eeef0,0x0000000708d00000)
 Metaspace       used 28574K, capacity 29408K, committed 29568K, reserved 1075200K
  class space    used 3194K, capacity 3427K, committed 3456K, reserved 1048576K
GC Heap History (10 events):
Event: 10.670 GC heap before
{Heap before GC invocations=5 (full 0):
 PSYoungGen      total 105984K, used 105943K [0x0000000780d80000, 0x0000000787c80000, 0x00000007c0000000)
  eden space 98304K, 99% used [0x0000000780d80000,0x0000000786d79d98,0x0000000786d80000)
  from space 7680K, 99% used [0x0000000787500000,0x0000000787c7c030,0x0000000787c80000)
  to   space 7680K, 0% used [0x0000000786d80000,0x0000000786d80000,0x0000000787500000)
 ParOldGen       total 130048K, used 10796K [0x0000000702800000, 0x000000070a700000, 0x0000000780d80000)
  object space 130048K, 8% used [0x0000000702800000,0x000000070328b020,0x000000070a700000)
 Metaspace       used 20452K, capacity 20966K, committed 20992K, reserved 1067008K
  class space    used 2442K, capacity 2552K, committed 2560K, reserved 1048576K
Event: 10.795 GC heap after
Heap after GC invocations=5 (full 0):
 PSYoungGen      total 105984K, used 7648K [0x0000000780d80000, 0x000000078ed80000, 0x00000007c0000000)
  eden space 98304K, 0% used [0x0000000780d80000,0x0000000780d80000,0x0000000786d80000)
  from space 7680K, 99% used [0x0000000786d80000,0x00000007874f8020,0x0000000787500000)
  to   space 16384K, 0% used [0x000000078dd80000,0x000000078dd80000,0x000000078ed80000)
 ParOldGen       total 130048K, used 16991K [0x0000000702800000, 0x000000070a700000, 0x0000000780d80000)
  object space 130048K, 13% used [0x0000000702800000,0x0000000703897f60,0x000000070a700000)
 Metaspace       used 20452K, capacity 20966K, committed 20992K, reserved 1067008K
  class space    used 2442K, capacity 2552K, committed 2560K, reserved 1048576K
}
Event: 11.331 GC heap before
{Heap before GC invocations=6 (full 0):
 PSYoungGen      total 105984K, used 51916K [0x0000000780d80000, 0x000000078ed80000, 0x00000007c0000000)
  eden space 98304K, 45% used [0x0000000780d80000,0x00000007838bb088,0x0000000786d80000)
  from space 7680K, 99% used [0x0000000786d80000,0x00000007874f8020,0x0000000787500000)
  to   space 16384K, 0% used [0x000000078dd80000,0x000000078dd80000,0x000000078ed80000)
 ParOldGen       total 130048K, used 16991K [0x0000000702800000, 0x000000070a700000, 0x0000000780d80000)
  object space 130048K, 13% used [0x0000000702800000,0x0000000703897f60,0x000000070a700000)
 Metaspace       used 20766K, capacity 21232K, committed 21248K, reserved 1069056K
  class space    used 2469K, capacity 2558K, committed 2560K, reserved 1048576K
Event: 11.389 GC heap after
Heap after GC invocations=6 (full 0):
 PSYoungGen      total 211456K, used 15413K [0x0000000780d80000, 0x000000078f080000, 0x00000007c0000000)
  eden space 195072K, 0% used [0x0000000780d80000,0x0000000780d80000,0x000000078cc00000)
  from space 16384K, 94% used [0x000000078dd80000,0x000000078ec8d7d8,0x000000078ed80000)
  to   space 17920K, 0% used [0x000000078cc00000,0x000000078cc00000,0x000000078dd80000)
 ParOldGen       total 130048K, used 16991K [0x0000000702800000, 0x000000070a700000, 0x0000000780d80000)
  object space 130048K, 13% used [0x0000000702800000,0x0000000703897f60,0x000000070a700000)
 Metaspace       used 20766K, capacity 21232K, committed 21248K, reserved 1069056K
  class space    used 2469K, capacity 2558K, committed 2560K, reserved 1048576K
}
Event: 11.390 GC heap before
{Heap before GC invocations=7 (full 1):
 PSYoungGen      total 211456K, used 15413K [0x0000000780d80000, 0x000000078f080000, 0x00000007c0000000)
  eden space 195072K, 0% used [0x0000000780d80000,0x0000000780d80000,0x000000078cc00000)
  from space 16384K, 94% used [0x000000078dd80000,0x000000078ec8d7d8,0x000000078ed80000)
  to   space 17920K, 0% used [0x000000078cc00000,0x000000078cc00000,0x000000078dd80000)
 ParOldGen       total 130048K, used 16991K [0x0000000702800000, 0x000000070a700000, 0x0000000780d80000)
  object space 130048K, 13% used [0x0000000702800000,0x0000000703897f60,0x000000070a700000)
 Metaspace       used 20766K, capacity 21232K, committed 21248K, reserved 1069056K
  class space    used 2469K, capacity 2558K, committed 2560K, reserved 1048576K
Event: 11.729 GC heap after
Heap after GC invocations=7 (full 1):
 PSYoungGen      total 211456K, used 0K [0x0000000780d80000, 0x000000078f080000, 0x00000007c0000000)
  eden space 195072K, 0% used [0x0000000780d80000,0x0000000780d80000,0x000000078cc00000)
  from space 16384K, 0% used [0x000000078dd80000,0x000000078dd80000,0x000000078ed80000)
  to   space 17920K, 0% used [0x000000078cc00000,0x000000078cc00000,0x000000078dd80000)
 ParOldGen       total 103424K, used 27732K [0x0000000702800000, 0x0000000708d00000, 0x0000000780d80000)
  object space 103424K, 26% used [0x0000000702800000,0x0000000704315070,0x0000000708d00000)
 Metaspace       used 20766K, capacity 21232K, committed 21248K, reserved 1069056K
  class space    used 2469K, capacity 2558K, committed 2560K, reserved 1048576K
}
Event: 17.220 GC heap before
{Heap before GC invocations=8 (full 1):
 PSYoungGen      total 211456K, used 195072K [0x0000000780d80000, 0x000000078f080000, 0x00000007c0000000)
  eden space 195072K, 100% used [0x0000000780d80000,0x000000078cc00000,0x000000078cc00000)
  from space 16384K, 0% used [0x000000078dd80000,0x000000078dd80000,0x000000078ed80000)
  to   space 17920K, 0% used [0x000000078cc00000,0x000000078cc00000,0x000000078dd80000)
 ParOldGen       total 103424K, used 27732K [0x0000000702800000, 0x0000000708d00000, 0x0000000780d80000)
  object space 103424K, 26% used [0x0000000702800000,0x0000000704315070,0x0000000708d00000)
 Metaspace       used 24270K, capacity 24872K, committed 25088K, reserved 1071104K
  class space    used 2811K, capacity 3001K, committed 3072K, reserved 1048576K
Event: 17.278 GC heap after
Heap after GC invocations=8 (full 1):
 PSYoungGen      total 212992K, used 17911K [0x0000000780d80000, 0x0000000797880000, 0x00000007c0000000)
  eden space 195072K, 0% used [0x0000000780d80000,0x0000000780d80000,0x000000078cc00000)
  from space 17920K, 99% used [0x000000078cc00000,0x000000078dd7de98,0x000000078dd80000)
  to   space 32256K, 0% used [0x0000000795900000,0x0000000795900000,0x0000000797880000)
 ParOldGen       total 103424K, used 51123K [0x0000000702800000, 0x0000000708d00000, 0x0000000780d80000)
  object space 103424K, 49% used [0x0000000702800000,0x00000007059ecef0,0x0000000708d00000)
 Metaspace       used 24270K, capacity 24872K, committed 25088K, reserved 1071104K
  class space    used 2811K, capacity 3001K, committed 3072K, reserved 1048576K
}
Event: 20.944 GC heap before
{Heap before GC invocations=9 (full 1):
 PSYoungGen      total 212992K, used 212983K [0x0000000780d80000, 0x0000000797880000, 0x00000007c0000000)
  eden space 195072K, 100% used [0x0000000780d80000,0x000000078cc00000,0x000000078cc00000)
  from space 17920K, 99% used [0x000000078cc00000,0x000000078dd7de98,0x000000078dd80000)
  to   space 32256K, 0% used [0x0000000795900000,0x0000000795900000,0x0000000797880000)
 ParOldGen       total 103424K, used 51123K [0x0000000702800000, 0x0000000708d00000, 0x0000000780d80000)
  object space 103424K, 49% used [0x0000000702800000,0x00000007059ecef0,0x0000000708d00000)
 Metaspace       used 27034K, capacity 27872K, committed 27904K, reserved 1073152K
  class space    used 3069K, capacity 3299K, committed 3328K, reserved 1048576K
Event: 20.983 GC heap after
Heap after GC invocations=9 (full 1):
 PSYoungGen      total 328192K, used 29737K [0x0000000780d80000, 0x0000000797700000, 0x00000007c0000000)
  eden space 297472K, 0% used [0x0000000780d80000,0x0000000780d80000,0x0000000793000000)
  from space 30720K, 96% used [0x0000000795900000,0x000000079760a6e8,0x0000000797700000)
  to   space 36352K, 0% used [0x0000000793000000,0x0000000793000000,0x0000000795380000)
 ParOldGen       total 103424K, used 51131K [0x0000000702800000, 0x0000000708d00000, 0x0000000780d80000)
  object space 103424K, 49% used [0x0000000702800000,0x00000007059eeef0,0x0000000708d00000)
 Metaspace       used 27034K, capacity 27872K, committed 27904K, reserved 1073152K
  class space    used 3069K, capacity 3299K, committed 3328K, reserved 1048576K
}

