# JRE version: Java(TM) SE Runtime Environment (8.0_202-b08) (build 1.8.0_202-b08)
# Java VM: Java HotSpot(TM) 64-Bit Server VM (25.202-b08 mixed mode windows-amd64 compressed oops)
Heap:
 PSYoungGen      total 164352K, used 138701K [0x0000000780d80000, 0x0000000790000000, 0x00000007c0000000)
  eden space 137728K, 81% used [0x0000000780d80000,0x0000000787afb3f0,0x0000000789400000)
  from space 26624K, 99% used [0x0000000789400000,0x000000078adf82d8,0x000000078ae00000)
  to   space 33792K, 0% used [0x000000078df00000,0x000000078df00000,0x0000000790000000)
 ParOldGen       total 104960K, used 49391K [0x0000000702800000, 0x0000000708e80000, 0x0000000780d80000)
  object space 104960K, 47% used [0x0000000702800000,0x000000070583bec8,0x0000000708e80000)
 Metaspace       used 27157K, capacity 27908K, committed 28160K, reserved 1075200K
  class space    used 3087K, capacity 3308K, committed 3328K, reserved 1048576K
GC Heap History (10 events):
Event: 9.035 GC heap before
{Heap before GC invocations=6 (full 0):
 PSYoungGen      total 56832K, used 38026K [0x0000000780d80000, 0x0000000788a80000, 0x00000007c0000000)
  eden space 49152K, 61% used [0x0000000780d80000,0x0000000782b2a878,0x0000000783d80000)
  from space 7680K, 99% used [0x0000000783d80000,0x00000007844f8040,0x0000000784500000)
  to   space 14848K, 0% used [0x0000000787c00000,0x0000000787c00000,0x0000000788a80000)
 ParOldGen       total 130048K, used 14905K [0x0000000702800000, 0x000000070a700000, 0x0000000780d80000)
  object space 130048K, 11% used [0x0000000702800000,0x000000070368e520,0x000000070a700000)
 Metaspace       used 20534K, capacity 21142K, committed 21296K, reserved 1069056K
  class space    used 2459K, capacity 2631K, committed 2688K, reserved 1048576K
Event: 9.053 GC heap after
Heap after GC invocations=6 (full 0):
 PSYoungGen      total 112128K, used 10204K [0x0000000780d80000, 0x0000000788980000, 0x00000007c0000000)
  eden space 98304K, 0% used [0x0000000780d80000,0x0000000780d80000,0x0000000786d80000)
  from space 13824K, 73% used [0x0000000787c00000,0x00000007885f71c0,0x0000000788980000)
  to   space 14336K, 0% used [0x0000000786d80000,0x0000000786d80000,0x0000000787b80000)
 ParOldGen       total 130048K, used 14913K [0x0000000702800000, 0x000000070a700000, 0x0000000780d80000)
  object space 130048K, 11% used [0x0000000702800000,0x0000000703690520,0x000000070a700000)
 Metaspace       used 20534K, capacity 21142K, committed 21296K, reserved 1069056K
  class space    used 2459K, capacity 2631K, committed 2688K, reserved 1048576K
}
Event: 9.053 GC heap before
{Heap before GC invocations=7 (full 1):
 PSYoungGen      total 112128K, used 10204K [0x0000000780d80000, 0x0000000788980000, 0x00000007c0000000)
  eden space 98304K, 0% used [0x0000000780d80000,0x0000000780d80000,0x0000000786d80000)
  from space 13824K, 73% used [0x0000000787c00000,0x00000007885f71c0,0x0000000788980000)
  to   space 14336K, 0% used [0x0000000786d80000,0x0000000786d80000,0x0000000787b80000)
 ParOldGen       total 130048K, used 14913K [0x0000000702800000, 0x000000070a700000, 0x0000000780d80000)
  object space 130048K, 11% used [0x0000000702800000,0x0000000703690520,0x000000070a700000)
 Metaspace       used 20534K, capacity 21142K, committed 21296K, reserved 1069056K
  class space    used 2459K, capacity 2631K, committed 2688K, reserved 1048576K
Event: 9.214 GC heap after
Heap after GC invocations=7 (full 1):
 PSYoungGen      total 112128K, used 0K [0x0000000780d80000, 0x0000000788980000, 0x00000007c0000000)
  eden space 98304K, 0% used [0x0000000780d80000,0x0000000780d80000,0x0000000786d80000)
  from space 13824K, 0% used [0x0000000787c00000,0x0000000787c00000,0x0000000788980000)
  to   space 14336K, 0% used [0x0000000786d80000,0x0000000786d80000,0x0000000787b80000)
 ParOldGen       total 104960K, used 21145K [0x0000000702800000, 0x0000000708e80000, 0x0000000780d80000)
  object space 104960K, 20% used [0x0000000702800000,0x0000000703ca6790,0x0000000708e80000)
 Metaspace       used 20534K, capacity 21142K, committed 21296K, reserved 1069056K
  class space    used 2459K, capacity 2631K, committed 2688K, reserved 1048576K
}
Event: 10.762 GC heap before
{Heap before GC invocations=8 (full 1):
 PSYoungGen      total 112128K, used 98304K [0x0000000780d80000, 0x0000000788980000, 0x00000007c0000000)
  eden space 98304K, 100% used [0x0000000780d80000,0x0000000786d80000,0x0000000786d80000)
  from space 13824K, 0% used [0x0000000787c00000,0x0000000787c00000,0x0000000788980000)
  to   space 14336K, 0% used [0x0000000786d80000,0x0000000786d80000,0x0000000787b80000)
 ParOldGen       total 104960K, used 21145K [0x0000000702800000, 0x0000000708e80000, 0x0000000780d80000)
  object space 104960K, 20% used [0x0000000702800000,0x0000000703ca6790,0x0000000708e80000)
 Metaspace       used 22309K, capacity 22944K, committed 23216K, reserved 1069056K
  class space    used 2619K, capacity 2765K, committed 2816K, reserved 1048576K
Event: 10.803 GC heap after
Heap after GC invocations=8 (full 1):
 PSYoungGen      total 112640K, used 14326K [0x0000000780d80000, 0x000000078c000000, 0x00000007c0000000)
  eden space 98304K, 0% used [0x0000000780d80000,0x0000000780d80000,0x0000000786d80000)
  from space 14336K, 99% used [0x0000000786d80000,0x0000000787b7dab0,0x0000000787b80000)
  to   space 18432K, 0% used [0x000000078ae00000,0x000000078ae00000,0x000000078c000000)
 ParOldGen       total 104960K, used 26347K [0x0000000702800000, 0x0000000708e80000, 0x0000000780d80000)
  object space 104960K, 25% used [0x0000000702800000,0x00000007041baf88,0x0000000708e80000)
 Metaspace       used 22309K, capacity 22944K, committed 23216K, reserved 1069056K
  class space    used 2619K, capacity 2765K, committed 2816K, reserved 1048576K
}
Event: 13.118 GC heap before
{Heap before GC invocations=9 (full 1):
 PSYoungGen      total 112640K, used 112630K [0x0000000780d80000, 0x000000078c000000, 0x00000007c0000000)
  eden space 98304K, 100% used [0x0000000780d80000,0x0000000786d80000,0x0000000786d80000)
  from space 14336K, 99% used [0x0000000786d80000,0x0000000787b7dab0,0x0000000787b80000)
  to   space 18432K, 0% used [0x000000078ae00000,0x000000078ae00000,0x000000078c000000)
 ParOldGen       total 104960K, used 26347K [0x0000000702800000, 0x0000000708e80000, 0x0000000780d80000)
  object space 104960K, 25% used [0x0000000702800000,0x00000007041baf88,0x0000000708e80000)
 Metaspace       used 24402K, capacity 25068K, committed 25344K, reserved 1071104K
  class space    used 2839K, capacity 3042K, committed 3072K, reserved 1048576K
Event: 13.154 GC heap after
Heap after GC invocations=9 (full 1):
 PSYoungGen      total 156160K, used 18416K [0x0000000780d80000, 0x000000078cf80000, 0x00000007c0000000)
  eden space 137728K, 0% used [0x0000000780d80000,0x0000000780d80000,0x0000000789400000)
  from space 18432K, 99% used [0x000000078ae00000,0x000000078bffc3a8,0x000000078c000000)
  to   space 26624K, 0% used [0x0000000789400000,0x0000000789400000,0x000000078ae00000)
 ParOldGen       total 104960K, used 40019K [0x0000000702800000, 0x0000000708e80000, 0x0000000780d80000)
  object space 104960K, 38% used [0x0000000702800000,0x0000000704f14fa8,0x0000000708e80000)
 Metaspace       used 24402K, capacity 25068K, committed 25344K, reserved 1071104K
  class space    used 2839K, capacity 3042K, committed 3072K, reserved 1048576K
}
Event: 14.819 GC heap before
{Heap before GC invocations=10 (full 1):
 PSYoungGen      total 156160K, used 156144K [0x0000000780d80000, 0x000000078cf80000, 0x00000007c0000000)
  eden space 137728K, 100% used [0x0000000780d80000,0x0000000789400000,0x0000000789400000)
  from space 18432K, 99% used [0x000000078ae00000,0x000000078bffc3a8,0x000000078c000000)
  to   space 26624K, 0% used [0x0000000789400000,0x0000000789400000,0x000000078ae00000)
 ParOldGen       total 104960K, used 40019K [0x0000000702800000, 0x0000000708e80000, 0x0000000780d80000)
  object space 104960K, 38% used [0x0000000702800000,0x0000000704f14fa8,0x0000000708e80000)
 Metaspace       used 25253K, capacity 25930K, committed 26240K, reserved 1073152K
  class space    used 2923K, capacity 3115K, committed 3200K, reserved 1048576K
Event: 14.865 GC heap after
Heap after GC invocations=10 (full 1):
 PSYoungGen      total 164352K, used 26592K [0x0000000780d80000, 0x0000000790000000, 0x00000007c0000000)
  eden space 137728K, 0% used [0x0000000780d80000,0x0000000780d80000,0x0000000789400000)
  from space 26624K, 99% used [0x0000000789400000,0x000000078adf82d8,0x000000078ae00000)
  to   space 33792K, 0% used [0x000000078df00000,0x000000078df00000,0x0000000790000000)
 ParOldGen       total 104960K, used 49391K [0x0000000702800000, 0x0000000708e80000, 0x0000000780d80000)
  object space 104960K, 47% used [0x0000000702800000,0x000000070583bec8,0x0000000708e80000)
 Metaspace       used 25253K, capacity 25930K, committed 26240K, reserved 1073152K
  class space    used 2923K, capacity 3115K, committed 3200K, reserved 1048576K
}

