# JRE version: Java(TM) SE Runtime Environment (8.0_202-b08) (build 1.8.0_202-b08)
# Java VM: Java HotSpot(TM) 64-Bit Server VM (25.202-b08 mixed mode windows-amd64 compressed oops)
Heap:
 PSYoungGen      total 214016K, used 143727K [0x0000000780d80000, 0x000000078fe00000, 0x00000007c0000000)
  eden space 181760K, 61% used [0x0000000780d80000,0x0000000787a62ee0,0x000000078bf00000)
  from space 32256K, 99% used [0x000000078de80000,0x000000078fdf9010,0x000000078fe00000)
  to   space 20480K, 0% used [0x000000078c580000,0x000000078c580000,0x000000078d980000)
 ParOldGen       total 112128K, used 48506K [0x0000000702800000, 0x0000000709580000, 0x0000000780d80000)
  object space 112128K, 43% used [0x0000000702800000,0x000000070575e988,0x0000000709580000)
 Metaspace       used 28582K, capacity 29412K, committed 29568K, reserved 1075200K
  class space    used 3204K, capacity 3404K, committed 3456K, reserved 1048576K
GC Heap History (10 events):
Event: 7.353 GC heap before
{Heap before GC invocations=5 (full 0):
 PSYoungGen      total 105984K, used 87998K [0x0000000780d80000, 0x0000000787c80000, 0x00000007c0000000)
  eden space 98304K, 81% used [0x0000000780d80000,0x0000000785bf39c0,0x0000000786d80000)
  from space 7680K, 99% used [0x0000000787500000,0x0000000787c7c030,0x0000000787c80000)
  to   space 7680K, 0% used [0x0000000786d80000,0x0000000786d80000,0x0000000787500000)
 ParOldGen       total 130048K, used 10391K [0x0000000702800000, 0x000000070a700000, 0x0000000780d80000)
  object space 130048K, 7% used [0x0000000702800000,0x0000000703225e18,0x000000070a700000)
 Metaspace       used 20543K, capacity 21142K, committed 21296K, reserved 1069056K
  class space    used 2462K, capacity 2631K, committed 2688K, reserved 1048576K
Event: 7.382 GC heap after
Heap after GC invocations=5 (full 0):
 PSYoungGen      total 105984K, used 7668K [0x0000000780d80000, 0x000000078ed80000, 0x00000007c0000000)
  eden space 98304K, 0% used [0x0000000780d80000,0x0000000780d80000,0x0000000786d80000)
  from space 7680K, 99% used [0x0000000786d80000,0x00000007874fd220,0x0000000787500000)
  to   space 16384K, 0% used [0x000000078dd80000,0x000000078dd80000,0x000000078ed80000)
 ParOldGen       total 130048K, used 16813K [0x0000000702800000, 0x000000070a700000, 0x0000000780d80000)
  object space 130048K, 12% used [0x0000000702800000,0x000000070386b6e0,0x000000070a700000)
 Metaspace       used 20543K, capacity 21142K, committed 21296K, reserved 1069056K
  class space    used 2462K, capacity 2631K, committed 2688K, reserved 1048576K
}
Event: 7.382 GC heap before
{Heap before GC invocations=6 (full 1):
 PSYoungGen      total 105984K, used 7668K [0x0000000780d80000, 0x000000078ed80000, 0x00000007c0000000)
  eden space 98304K, 0% used [0x0000000780d80000,0x0000000780d80000,0x0000000786d80000)
  from space 7680K, 99% used [0x0000000786d80000,0x00000007874fd220,0x0000000787500000)
  to   space 16384K, 0% used [0x000000078dd80000,0x000000078dd80000,0x000000078ed80000)
 ParOldGen       total 130048K, used 16813K [0x0000000702800000, 0x000000070a700000, 0x0000000780d80000)
  object space 130048K, 12% used [0x0000000702800000,0x000000070386b6e0,0x000000070a700000)
 Metaspace       used 20543K, capacity 21142K, committed 21296K, reserved 1069056K
  class space    used 2462K, capacity 2631K, committed 2688K, reserved 1048576K
Event: 7.618 GC heap after
Heap after GC invocations=6 (full 1):
 PSYoungGen      total 105984K, used 0K [0x0000000780d80000, 0x000000078ed80000, 0x00000007c0000000)
  eden space 98304K, 0% used [0x0000000780d80000,0x0000000780d80000,0x0000000786d80000)
  from space 7680K, 0% used [0x0000000786d80000,0x0000000786d80000,0x0000000787500000)
  to   space 16384K, 0% used [0x000000078dd80000,0x000000078dd80000,0x000000078ed80000)
 ParOldGen       total 112128K, used 21454K [0x0000000702800000, 0x0000000709580000, 0x0000000780d80000)
  object space 112128K, 19% used [0x0000000702800000,0x0000000703cf3a80,0x0000000709580000)
 Metaspace       used 20543K, capacity 21142K, committed 21296K, reserved 1069056K
  class space    used 2462K, capacity 2631K, committed 2688K, reserved 1048576K
}
Event: 9.835 GC heap before
{Heap before GC invocations=7 (full 1):
 PSYoungGen      total 105984K, used 98304K [0x0000000780d80000, 0x000000078ed80000, 0x00000007c0000000)
  eden space 98304K, 100% used [0x0000000780d80000,0x0000000786d80000,0x0000000786d80000)
  from space 7680K, 0% used [0x0000000786d80000,0x0000000786d80000,0x0000000787500000)
  to   space 16384K, 0% used [0x000000078dd80000,0x000000078dd80000,0x000000078ed80000)
 ParOldGen       total 112128K, used 21454K [0x0000000702800000, 0x0000000709580000, 0x0000000780d80000)
  object space 112128K, 19% used [0x0000000702800000,0x0000000703cf3a80,0x0000000709580000)
 Metaspace       used 22314K, capacity 22944K, committed 23216K, reserved 1069056K
  class space    used 2622K, capacity 2765K, committed 2816K, reserved 1048576K
Event: 9.895 GC heap after
Heap after GC invocations=7 (full 1):
 PSYoungGen      total 150528K, used 16356K [0x0000000780d80000, 0x000000078ed80000, 0x00000007c0000000)
  eden space 134144K, 0% used [0x0000000780d80000,0x0000000780d80000,0x0000000789080000)
  from space 16384K, 99% used [0x000000078dd80000,0x000000078ed791a8,0x000000078ed80000)
  to   space 20480K, 0% used [0x000000078c580000,0x000000078c580000,0x000000078d980000)
 ParOldGen       total 112128K, used 24580K [0x0000000702800000, 0x0000000709580000, 0x0000000780d80000)
  object space 112128K, 21% used [0x0000000702800000,0x0000000704001220,0x0000000709580000)
 Metaspace       used 22314K, capacity 22944K, committed 23216K, reserved 1069056K
  class space    used 2622K, capacity 2765K, committed 2816K, reserved 1048576K
}
Event: 12.781 GC heap before
{Heap before GC invocations=8 (full 1):
 PSYoungGen      total 150528K, used 150500K [0x0000000780d80000, 0x000000078ed80000, 0x00000007c0000000)
  eden space 134144K, 100% used [0x0000000780d80000,0x0000000789080000,0x0000000789080000)
  from space 16384K, 99% used [0x000000078dd80000,0x000000078ed791a8,0x000000078ed80000)
  to   space 20480K, 0% used [0x000000078c580000,0x000000078c580000,0x000000078d980000)
 ParOldGen       total 112128K, used 24580K [0x0000000702800000, 0x0000000709580000, 0x0000000780d80000)
  object space 112128K, 21% used [0x0000000702800000,0x0000000704001220,0x0000000709580000)
 Metaspace       used 24509K, capacity 25196K, committed 25344K, reserved 1071104K
  class space    used 2849K, capacity 3042K, committed 3072K, reserved 1048576K
Event: 12.823 GC heap after
Heap after GC invocations=8 (full 1):
 PSYoungGen      total 202240K, used 20465K [0x0000000780d80000, 0x000000078fe00000, 0x00000007c0000000)
  eden space 181760K, 0% used [0x0000000780d80000,0x0000000780d80000,0x000000078bf00000)
  from space 20480K, 99% used [0x000000078c580000,0x000000078d97c6c0,0x000000078d980000)
  to   space 32256K, 0% used [0x000000078de80000,0x000000078de80000,0x000000078fe00000)
 ParOldGen       total 112128K, used 42297K [0x0000000702800000, 0x0000000709580000, 0x0000000780d80000)
  object space 112128K, 37% used [0x0000000702800000,0x000000070514e500,0x0000000709580000)
 Metaspace       used 24509K, capacity 25196K, committed 25344K, reserved 1071104K
  class space    used 2849K, capacity 3042K, committed 3072K, reserved 1048576K
}
Event: 15.515 GC heap before
{Heap before GC invocations=9 (full 1):
 PSYoungGen      total 202240K, used 202225K [0x0000000780d80000, 0x000000078fe00000, 0x00000007c0000000)
  eden space 181760K, 100% used [0x0000000780d80000,0x000000078bf00000,0x000000078bf00000)
  from space 20480K, 99% used [0x000000078c580000,0x000000078d97c6c0,0x000000078d980000)
  to   space 32256K, 0% used [0x000000078de80000,0x000000078de80000,0x000000078fe00000)
 ParOldGen       total 112128K, used 42297K [0x0000000702800000, 0x0000000709580000, 0x0000000780d80000)
  object space 112128K, 37% used [0x0000000702800000,0x000000070514e500,0x0000000709580000)
 Metaspace       used 27121K, capacity 27908K, committed 28160K, reserved 1075200K
  class space    used 3088K, capacity 3308K, committed 3328K, reserved 1048576K
Event: 15.569 GC heap after
Heap after GC invocations=9 (full 1):
 PSYoungGen      total 214016K, used 32228K [0x0000000780d80000, 0x000000078fe00000, 0x00000007c0000000)
  eden space 181760K, 0% used [0x0000000780d80000,0x0000000780d80000,0x000000078bf00000)
  from space 32256K, 99% used [0x000000078de80000,0x000000078fdf9010,0x000000078fe00000)
  to   space 20480K, 0% used [0x000000078c580000,0x000000078c580000,0x000000078d980000)
 ParOldGen       total 112128K, used 48506K [0x0000000702800000, 0x0000000709580000, 0x0000000780d80000)
  object space 112128K, 43% used [0x0000000702800000,0x000000070575e988,0x0000000709580000)
 Metaspace       used 27121K, capacity 27908K, committed 28160K, reserved 1075200K
  class space    used 3088K, capacity 3308K, committed 3328K, reserved 1048576K
}

