# JRE version: Java(TM) SE Runtime Environment (8.0_202-b08) (build 1.8.0_202-b08)
# Java VM: Java HotSpot(TM) 64-Bit Server VM (25.202-b08 mixed mode windows-amd64 compressed oops)
Heap:
 PSYoungGen      total 221184K, used 42938K [0x0000000780d80000, 0x0000000791c00000, 0x00000007c0000000)
  eden space 188416K, 5% used [0x0000000780d80000,0x0000000781774a88,0x000000078c580000)
  from space 32768K, 99% used [0x000000078fc00000,0x0000000791bfa0d8,0x0000000791c00000)
  to   space 20480K, 0% used [0x000000078c580000,0x000000078c580000,0x000000078d980000)
 ParOldGen       total 106496K, used 51655K [0x0000000702800000, 0x0000000709000000, 0x0000000780d80000)
  object space 106496K, 48% used [0x0000000702800000,0x0000000705a71c98,0x0000000709000000)
 Metaspace       used 27178K, capacity 27972K, committed 28160K, reserved 1075200K
  class space    used 3090K, capacity 3308K, committed 3328K, reserved 1048576K
GC Heap History (10 events):
Event: 7.502 GC heap before
{Heap before GC invocations=5 (full 0):
 PSYoungGen      total 105984K, used 86208K [0x0000000780d80000, 0x0000000787c80000, 0x00000007c0000000)
  eden space 98304K, 79% used [0x0000000780d80000,0x0000000785a34260,0x0000000786d80000)
  from space 7680K, 99% used [0x0000000787500000,0x0000000787c7c010,0x0000000787c80000)
  to   space 7680K, 0% used [0x0000000786d80000,0x0000000786d80000,0x0000000787500000)
 ParOldGen       total 130048K, used 10426K [0x0000000702800000, 0x000000070a700000, 0x0000000780d80000)
  object space 130048K, 8% used [0x0000000702800000,0x000000070322ea30,0x000000070a700000)
 Metaspace       used 20526K, capacity 21142K, committed 21296K, reserved 1069056K
  class space    used 2463K, capacity 2631K, committed 2688K, reserved 1048576K
Event: 7.528 GC heap after
Heap after GC invocations=5 (full 0):
 PSYoungGen      total 105984K, used 7668K [0x0000000780d80000, 0x000000078ed80000, 0x00000007c0000000)
  eden space 98304K, 0% used [0x0000000780d80000,0x0000000780d80000,0x0000000786d80000)
  from space 7680K, 99% used [0x0000000786d80000,0x00000007874fd240,0x0000000787500000)
  to   space 16384K, 0% used [0x000000078dd80000,0x000000078dd80000,0x000000078ed80000)
 ParOldGen       total 130048K, used 16859K [0x0000000702800000, 0x000000070a700000, 0x0000000780d80000)
  object space 130048K, 12% used [0x0000000702800000,0x0000000703876cb0,0x000000070a700000)
 Metaspace       used 20526K, capacity 21142K, committed 21296K, reserved 1069056K
  class space    used 2463K, capacity 2631K, committed 2688K, reserved 1048576K
}
Event: 7.528 GC heap before
{Heap before GC invocations=6 (full 1):
 PSYoungGen      total 105984K, used 7668K [0x0000000780d80000, 0x000000078ed80000, 0x00000007c0000000)
  eden space 98304K, 0% used [0x0000000780d80000,0x0000000780d80000,0x0000000786d80000)
  from space 7680K, 99% used [0x0000000786d80000,0x00000007874fd240,0x0000000787500000)
  to   space 16384K, 0% used [0x000000078dd80000,0x000000078dd80000,0x000000078ed80000)
 ParOldGen       total 130048K, used 16859K [0x0000000702800000, 0x000000070a700000, 0x0000000780d80000)
  object space 130048K, 12% used [0x0000000702800000,0x0000000703876cb0,0x000000070a700000)
 Metaspace       used 20526K, capacity 21142K, committed 21296K, reserved 1069056K
  class space    used 2463K, capacity 2631K, committed 2688K, reserved 1048576K
Event: 7.687 GC heap after
Heap after GC invocations=6 (full 1):
 PSYoungGen      total 105984K, used 0K [0x0000000780d80000, 0x000000078ed80000, 0x00000007c0000000)
  eden space 98304K, 0% used [0x0000000780d80000,0x0000000780d80000,0x0000000786d80000)
  from space 7680K, 0% used [0x0000000786d80000,0x0000000786d80000,0x0000000787500000)
  to   space 16384K, 0% used [0x000000078dd80000,0x000000078dd80000,0x000000078ed80000)
 ParOldGen       total 106496K, used 21452K [0x0000000702800000, 0x0000000709000000, 0x0000000780d80000)
  object space 106496K, 20% used [0x0000000702800000,0x0000000703cf3130,0x0000000709000000)
 Metaspace       used 20526K, capacity 21142K, committed 21296K, reserved 1069056K
  class space    used 2463K, capacity 2631K, committed 2688K, reserved 1048576K
}
Event: 9.378 GC heap before
{Heap before GC invocations=7 (full 1):
 PSYoungGen      total 105984K, used 98304K [0x0000000780d80000, 0x000000078ed80000, 0x00000007c0000000)
  eden space 98304K, 100% used [0x0000000780d80000,0x0000000786d80000,0x0000000786d80000)
  from space 7680K, 0% used [0x0000000786d80000,0x0000000786d80000,0x0000000787500000)
  to   space 16384K, 0% used [0x000000078dd80000,0x000000078dd80000,0x000000078ed80000)
 ParOldGen       total 106496K, used 21452K [0x0000000702800000, 0x0000000709000000, 0x0000000780d80000)
  object space 106496K, 20% used [0x0000000702800000,0x0000000703cf3130,0x0000000709000000)
 Metaspace       used 22309K, capacity 22944K, committed 23216K, reserved 1069056K
  class space    used 2622K, capacity 2765K, committed 2816K, reserved 1048576K
Event: 9.427 GC heap after
Heap after GC invocations=7 (full 1):
 PSYoungGen      total 161792K, used 16381K [0x0000000780d80000, 0x000000078ed80000, 0x00000007c0000000)
  eden space 145408K, 0% used [0x0000000780d80000,0x0000000780d80000,0x0000000789b80000)
  from space 16384K, 99% used [0x000000078dd80000,0x000000078ed7f498,0x000000078ed80000)
  to   space 20480K, 0% used [0x000000078c580000,0x000000078c580000,0x000000078d980000)
 ParOldGen       total 106496K, used 24546K [0x0000000702800000, 0x0000000709000000, 0x0000000780d80000)
  object space 106496K, 23% used [0x0000000702800000,0x0000000703ff88d0,0x0000000709000000)
 Metaspace       used 22309K, capacity 22944K, committed 23216K, reserved 1069056K
  class space    used 2622K, capacity 2765K, committed 2816K, reserved 1048576K
}
Event: 13.005 GC heap before
{Heap before GC invocations=8 (full 1):
 PSYoungGen      total 161792K, used 161789K [0x0000000780d80000, 0x000000078ed80000, 0x00000007c0000000)
  eden space 145408K, 100% used [0x0000000780d80000,0x0000000789b80000,0x0000000789b80000)
  from space 16384K, 99% used [0x000000078dd80000,0x000000078ed7f498,0x000000078ed80000)
  to   space 20480K, 0% used [0x000000078c580000,0x000000078c580000,0x000000078d980000)
 ParOldGen       total 106496K, used 24546K [0x0000000702800000, 0x0000000709000000, 0x0000000780d80000)
  object space 106496K, 23% used [0x0000000702800000,0x0000000703ff88d0,0x0000000709000000)
 Metaspace       used 24559K, capacity 25260K, committed 25344K, reserved 1071104K
  class space    used 2851K, capacity 3042K, committed 3072K, reserved 1048576K
Event: 13.048 GC heap after
Heap after GC invocations=8 (full 1):
 PSYoungGen      total 208896K, used 20469K [0x0000000780d80000, 0x0000000791c00000, 0x00000007c0000000)
  eden space 188416K, 0% used [0x0000000780d80000,0x0000000780d80000,0x000000078c580000)
  from space 20480K, 99% used [0x000000078c580000,0x000000078d97d530,0x000000078d980000)
  to   space 32768K, 0% used [0x000000078fc00000,0x000000078fc00000,0x0000000791c00000)
 ParOldGen       total 106496K, used 43576K [0x0000000702800000, 0x0000000709000000, 0x0000000780d80000)
  object space 106496K, 40% used [0x0000000702800000,0x000000070528e360,0x0000000709000000)
 Metaspace       used 24559K, capacity 25260K, committed 25344K, reserved 1071104K
  class space    used 2851K, capacity 3042K, committed 3072K, reserved 1048576K
}
Event: 16.416 GC heap before
{Heap before GC invocations=9 (full 1):
 PSYoungGen      total 208896K, used 208885K [0x0000000780d80000, 0x0000000791c00000, 0x00000007c0000000)
  eden space 188416K, 100% used [0x0000000780d80000,0x000000078c580000,0x000000078c580000)
  from space 20480K, 99% used [0x000000078c580000,0x000000078d97d530,0x000000078d980000)
  to   space 32768K, 0% used [0x000000078fc00000,0x000000078fc00000,0x0000000791c00000)
 ParOldGen       total 106496K, used 43576K [0x0000000702800000, 0x0000000709000000, 0x0000000780d80000)
  object space 106496K, 40% used [0x0000000702800000,0x000000070528e360,0x0000000709000000)
 Metaspace       used 27158K, capacity 27972K, committed 28160K, reserved 1075200K
  class space    used 3090K, capacity 3308K, committed 3328K, reserved 1048576K
Event: 16.525 GC heap after
Heap after GC invocations=9 (full 1):
 PSYoungGen      total 221184K, used 32744K [0x0000000780d80000, 0x0000000791c00000, 0x00000007c0000000)
  eden space 188416K, 0% used [0x0000000780d80000,0x0000000780d80000,0x000000078c580000)
  from space 32768K, 99% used [0x000000078fc00000,0x0000000791bfa0d8,0x0000000791c00000)
  to   space 20480K, 0% used [0x000000078c580000,0x000000078c580000,0x000000078d980000)
 ParOldGen       total 106496K, used 51655K [0x0000000702800000, 0x0000000709000000, 0x0000000780d80000)
  object space 106496K, 48% used [0x0000000702800000,0x0000000705a71c98,0x0000000709000000)
 Metaspace       used 27158K, capacity 27972K, committed 28160K, reserved 1075200K
  class space    used 3090K, capacity 3308K, committed 3328K, reserved 1048576K
}

