# JRE version: Java(TM) SE Runtime Environment (8.0_202-b08) (build 1.8.0_202-b08)
# Java VM: Java HotSpot(TM) 64-Bit Server VM (25.202-b08 mixed mode windows-amd64 compressed oops)
Heap:
 PSYoungGen      total 211456K, used 92486K [0x0000000780d80000, 0x000000078f080000, 0x00000007c0000000)
  eden space 195072K, 39% used [0x0000000780d80000,0x00000007857d7100,0x000000078cc00000)
  from space 16384K, 99% used [0x000000078dd80000,0x000000078ed7aa18,0x000000078ed80000)
  to   space 17920K, 0% used [0x000000078cc00000,0x000000078cc00000,0x000000078dd80000)
 ParOldGen       total 106496K, used 78249K [0x0000000702800000, 0x0000000709000000, 0x0000000780d80000)
  object space 106496K, 73% used [0x0000000702800000,0x000000070746a7f0,0x0000000709000000)
 Metaspace       used 28736K, capacity 29536K, committed 29568K, reserved 1075200K
  class space    used 3207K, capacity 3427K, committed 3456K, reserved 1048576K
GC Heap History (10 events):
Event: 6.104 GC heap before
{Heap before GC invocations=5 (full 0):
 PSYoungGen      total 105984K, used 105953K [0x0000000780d80000, 0x0000000787c80000, 0x00000007c0000000)
  eden space 98304K, 99% used [0x0000000780d80000,0x0000000786d7c608,0x0000000786d80000)
  from space 7680K, 99% used [0x0000000787500000,0x0000000787c7c010,0x0000000787c80000)
  to   space 7680K, 0% used [0x0000000786d80000,0x0000000786d80000,0x0000000787500000)
 ParOldGen       total 130048K, used 10369K [0x0000000702800000, 0x000000070a700000, 0x0000000780d80000)
  object space 130048K, 7% used [0x0000000702800000,0x0000000703220658,0x000000070a700000)
 Metaspace       used 20428K, capacity 20966K, committed 20992K, reserved 1067008K
  class space    used 2440K, capacity 2552K, committed 2560K, reserved 1048576K
Event: 6.130 GC heap after
Heap after GC invocations=5 (full 0):
 PSYoungGen      total 105984K, used 7653K [0x0000000780d80000, 0x000000078ed80000, 0x00000007c0000000)
  eden space 98304K, 0% used [0x0000000780d80000,0x0000000780d80000,0x0000000786d80000)
  from space 7680K, 99% used [0x0000000786d80000,0x00000007874f9650,0x0000000787500000)
  to   space 16384K, 0% used [0x000000078dd80000,0x000000078dd80000,0x000000078ed80000)
 ParOldGen       total 130048K, used 17060K [0x0000000702800000, 0x000000070a700000, 0x0000000780d80000)
  object space 130048K, 13% used [0x0000000702800000,0x00000007038a9398,0x000000070a700000)
 Metaspace       used 20428K, capacity 20966K, committed 20992K, reserved 1067008K
  class space    used 2440K, capacity 2552K, committed 2560K, reserved 1048576K
}
Event: 6.448 GC heap before
{Heap before GC invocations=6 (full 0):
 PSYoungGen      total 105984K, used 57195K [0x0000000780d80000, 0x000000078ed80000, 0x00000007c0000000)
  eden space 98304K, 50% used [0x0000000780d80000,0x0000000783de1930,0x0000000786d80000)
  from space 7680K, 99% used [0x0000000786d80000,0x00000007874f9650,0x0000000787500000)
  to   space 16384K, 0% used [0x000000078dd80000,0x000000078dd80000,0x000000078ed80000)
 ParOldGen       total 130048K, used 17060K [0x0000000702800000, 0x000000070a700000, 0x0000000780d80000)
  object space 130048K, 13% used [0x0000000702800000,0x00000007038a9398,0x000000070a700000)
 Metaspace       used 20743K, capacity 21232K, committed 21248K, reserved 1069056K
  class space    used 2468K, capacity 2558K, committed 2560K, reserved 1048576K
Event: 6.479 GC heap after
Heap after GC invocations=6 (full 0):
 PSYoungGen      total 211456K, used 15302K [0x0000000780d80000, 0x000000078f080000, 0x00000007c0000000)
  eden space 195072K, 0% used [0x0000000780d80000,0x0000000780d80000,0x000000078cc00000)
  from space 16384K, 93% used [0x000000078dd80000,0x000000078ec71928,0x000000078ed80000)
  to   space 17920K, 0% used [0x000000078cc00000,0x000000078cc00000,0x000000078dd80000)
 ParOldGen       total 130048K, used 17068K [0x0000000702800000, 0x000000070a700000, 0x0000000780d80000)
  object space 130048K, 13% used [0x0000000702800000,0x00000007038ab398,0x000000070a700000)
 Metaspace       used 20743K, capacity 21232K, committed 21248K, reserved 1069056K
  class space    used 2468K, capacity 2558K, committed 2560K, reserved 1048576K
}
Event: 6.479 GC heap before
{Heap before GC invocations=7 (full 1):
 PSYoungGen      total 211456K, used 15302K [0x0000000780d80000, 0x000000078f080000, 0x00000007c0000000)
  eden space 195072K, 0% used [0x0000000780d80000,0x0000000780d80000,0x000000078cc00000)
  from space 16384K, 93% used [0x000000078dd80000,0x000000078ec71928,0x000000078ed80000)
  to   space 17920K, 0% used [0x000000078cc00000,0x000000078cc00000,0x000000078dd80000)
 ParOldGen       total 130048K, used 17068K [0x0000000702800000, 0x000000070a700000, 0x0000000780d80000)
  object space 130048K, 13% used [0x0000000702800000,0x00000007038ab398,0x000000070a700000)
 Metaspace       used 20743K, capacity 21232K, committed 21248K, reserved 1069056K
  class space    used 2468K, capacity 2558K, committed 2560K, reserved 1048576K
Event: 6.634 GC heap after
Heap after GC invocations=7 (full 1):
 PSYoungGen      total 211456K, used 0K [0x0000000780d80000, 0x000000078f080000, 0x00000007c0000000)
  eden space 195072K, 0% used [0x0000000780d80000,0x0000000780d80000,0x000000078cc00000)
  from space 16384K, 0% used [0x000000078dd80000,0x000000078dd80000,0x000000078ed80000)
  to   space 17920K, 0% used [0x000000078cc00000,0x000000078cc00000,0x000000078dd80000)
 ParOldGen       total 106496K, used 27905K [0x0000000702800000, 0x0000000709000000, 0x0000000780d80000)
  object space 106496K, 26% used [0x0000000702800000,0x0000000704340740,0x0000000709000000)
 Metaspace       used 20743K, capacity 21232K, committed 21248K, reserved 1069056K
  class space    used 2468K, capacity 2558K, committed 2560K, reserved 1048576K
}
Event: 9.274 GC heap before
{Heap before GC invocations=8 (full 1):
 PSYoungGen      total 211456K, used 195072K [0x0000000780d80000, 0x000000078f080000, 0x00000007c0000000)
  eden space 195072K, 100% used [0x0000000780d80000,0x000000078cc00000,0x000000078cc00000)
  from space 16384K, 0% used [0x000000078dd80000,0x000000078dd80000,0x000000078ed80000)
  to   space 17920K, 0% used [0x000000078cc00000,0x000000078cc00000,0x000000078dd80000)
 ParOldGen       total 106496K, used 27905K [0x0000000702800000, 0x0000000709000000, 0x0000000780d80000)
  object space 106496K, 26% used [0x0000000702800000,0x0000000704340740,0x0000000709000000)
 Metaspace       used 24242K, capacity 24872K, committed 25088K, reserved 1071104K
  class space    used 2811K, capacity 3001K, committed 3072K, reserved 1048576K
Event: 9.316 GC heap after
Heap after GC invocations=8 (full 1):
 PSYoungGen      total 212992K, used 17888K [0x0000000780d80000, 0x000000078f080000, 0x00000007c0000000)
  eden space 195072K, 0% used [0x0000000780d80000,0x0000000780d80000,0x000000078cc00000)
  from space 17920K, 99% used [0x000000078cc00000,0x000000078dd780c8,0x000000078dd80000)
  to   space 16384K, 0% used [0x000000078dd80000,0x000000078dd80000,0x000000078ed80000)
 ParOldGen       total 106496K, used 52571K [0x0000000702800000, 0x0000000709000000, 0x0000000780d80000)
  object space 106496K, 49% used [0x0000000702800000,0x0000000705b56e30,0x0000000709000000)
 Metaspace       used 24242K, capacity 24872K, committed 25088K, reserved 1071104K
  class space    used 2811K, capacity 3001K, committed 3072K, reserved 1048576K
}
Event: 13.766 GC heap before
{Heap before GC invocations=9 (full 1):
 PSYoungGen      total 212992K, used 212960K [0x0000000780d80000, 0x000000078f080000, 0x00000007c0000000)
  eden space 195072K, 100% used [0x0000000780d80000,0x000000078cc00000,0x000000078cc00000)
  from space 17920K, 99% used [0x000000078cc00000,0x000000078dd780c8,0x000000078dd80000)
  to   space 16384K, 0% used [0x000000078dd80000,0x000000078dd80000,0x000000078ed80000)
 ParOldGen       total 106496K, used 52571K [0x0000000702800000, 0x0000000709000000, 0x0000000780d80000)
  object space 106496K, 49% used [0x0000000702800000,0x0000000705b56e30,0x0000000709000000)
 Metaspace       used 27100K, capacity 27936K, committed 28160K, reserved 1075200K
  class space    used 3082K, capacity 3299K, committed 3328K, reserved 1048576K
Event: 13.829 GC heap after
Heap after GC invocations=9 (full 1):
 PSYoungGen      total 211456K, used 16362K [0x0000000780d80000, 0x000000078f080000, 0x00000007c0000000)
  eden space 195072K, 0% used [0x0000000780d80000,0x0000000780d80000,0x000000078cc00000)
  from space 16384K, 99% used [0x000000078dd80000,0x000000078ed7aa18,0x000000078ed80000)
  to   space 17920K, 0% used [0x000000078cc00000,0x000000078cc00000,0x000000078dd80000)
 ParOldGen       total 106496K, used 78249K [0x0000000702800000, 0x0000000709000000, 0x0000000780d80000)
  object space 106496K, 73% used [0x0000000702800000,0x000000070746a7f0,0x0000000709000000)
 Metaspace       used 27100K, capacity 27936K, committed 28160K, reserved 1075200K
  class space    used 3082K, capacity 3299K, committed 3328K, reserved 1048576K
}

